# JRE version: OpenJDK Runtime Environment JBR-17.0.11+1-1207.23-jcef (17.0.11+1) (build 17.0.11+1-b1207.23)
# Java VM: OpenJDK 64-Bit Server VM JBR-17.0.11+1-1207.23-jcef (17.0.11+1-b1207.23, mixed mode, tiered, compressed oops, compressed class ptrs, g1 gc, bsd-aarch64)
GC Precious Log:
 CPUs: 10 total, 10 available
 Memory: 32768M
 Large Page Support: Disabled
 NUMA Support: Disabled
 Compressed Oops: Enabled (Zero based)
 Heap Region Size: 1M
 Heap Min Capacity: 256M
 Heap Initial Capacity: 256M
 Heap Max Capacity: 2G
 Pre-touch: Disabled
 Parallel Workers: 9
 Concurrent Workers: 2
 Concurrent Refinement Workers: 9
 Periodic GC: Disabled
Heap:
 garbage-first heap   total 502784K, used 207359K [0x0000000780000000, 0x0000000800000000)
  region size 1024K, 48 young (49152K), 2 survivors (2048K)
 Metaspace       used 296721K, committed 298688K, reserved 1310720K
  class space    used 37861K, committed 38848K, reserved 1048576K
GC Heap History (20 events):
Event: 687180.652 GC heap before
{Heap before GC invocations=605 (full 190):
 garbage-first heap   total 502784K, used 440223K [0x0000000780000000, 0x0000000800000000)
  region size 1024K, 277 young (283648K), 2 survivors (2048K)
 Metaspace       used 296644K, committed 298624K, reserved 1310720K
  class space    used 37856K, committed 38848K, reserved 1048576K
}
Event: 687180.672 GC heap after
{Heap after GC invocations=606 (full 190):
 garbage-first heap   total 502784K, used 159904K [0x0000000780000000, 0x0000000800000000)
  region size 1024K, 2 young (2048K), 2 survivors (2048K)
 Metaspace       used 296644K, committed 298624K, reserved 1310720K
  class space    used 37856K, committed 38848K, reserved 1048576K
}
Event: 687783.461 GC heap before
{Heap before GC invocations=606 (full 190):
 garbage-first heap   total 502784K, used 290976K [0x0000000780000000, 0x0000000800000000)
  region size 1024K, 130 young (133120K), 2 survivors (2048K)
 Metaspace       used 296649K, committed 298624K, reserved 1310720K
  class space    used 37857K, committed 38848K, reserved 1048576K
}
Event: 687783.800 GC heap after
{Heap after GC invocations=607 (full 191):
 garbage-first heap   total 502784K, used 160267K [0x0000000780000000, 0x0000000800000000)
  region size 1024K, 0 young (0K), 0 survivors (0K)
 Metaspace       used 296646K, committed 298624K, reserved 1310720K
  class space    used 37857K, committed 38848K, reserved 1048576K
}
Event: 689313.122 GC heap before
{Heap before GC invocations=607 (full 191):
 garbage-first heap   total 502784K, used 442891K [0x0000000780000000, 0x0000000800000000)
  region size 1024K, 277 young (283648K), 0 survivors (0K)
 Metaspace       used 296646K, committed 298624K, reserved 1310720K
  class space    used 37857K, committed 38848K, reserved 1048576K
}
Event: 689313.152 GC heap after
{Heap after GC invocations=608 (full 191):
 garbage-first heap   total 502784K, used 161212K [0x0000000780000000, 0x0000000800000000)
  region size 1024K, 1 young (1024K), 1 survivors (1024K)
 Metaspace       used 296646K, committed 298624K, reserved 1310720K
  class space    used 37857K, committed 38848K, reserved 1048576K
}
Event: 690802.597 GC heap before
{Heap before GC invocations=608 (full 191):
 garbage-first heap   total 502784K, used 443836K [0x0000000780000000, 0x0000000800000000)
  region size 1024K, 278 young (284672K), 1 survivors (1024K)
 Metaspace       used 296649K, committed 298624K, reserved 1310720K
  class space    used 37857K, committed 38848K, reserved 1048576K
}
Event: 690802.618 GC heap after
{Heap after GC invocations=609 (full 191):
 garbage-first heap   total 502784K, used 161687K [0x0000000780000000, 0x0000000800000000)
  region size 1024K, 2 young (2048K), 2 survivors (2048K)
 Metaspace       used 296649K, committed 298624K, reserved 1310720K
  class space    used 37857K, committed 38848K, reserved 1048576K
}
Event: 691383.802 GC heap before
{Heap before GC invocations=609 (full 191):
 garbage-first heap   total 502784K, used 296855K [0x0000000780000000, 0x0000000800000000)
  region size 1024K, 136 young (139264K), 2 survivors (2048K)
 Metaspace       used 296681K, committed 298688K, reserved 1310720K
  class space    used 37861K, committed 38848K, reserved 1048576K
}
Event: 691383.980 GC heap after
{Heap after GC invocations=610 (full 192):
 garbage-first heap   total 502784K, used 159612K [0x0000000780000000, 0x0000000800000000)
  region size 1024K, 0 young (0K), 0 survivors (0K)
 Metaspace       used 296681K, committed 298688K, reserved 1310720K
  class space    used 37861K, committed 38848K, reserved 1048576K
}
Event: 692552.747 GC heap before
{Heap before GC invocations=610 (full 192):
 garbage-first heap   total 502784K, used 443260K [0x0000000780000000, 0x0000000800000000)
  region size 1024K, 278 young (284672K), 0 survivors (0K)
 Metaspace       used 296701K, committed 298688K, reserved 1310720K
  class space    used 37861K, committed 38848K, reserved 1048576K
}
Event: 692552.778 GC heap after
{Heap after GC invocations=611 (full 192):
 garbage-first heap   total 502784K, used 161378K [0x0000000780000000, 0x0000000800000000)
  region size 1024K, 2 young (2048K), 2 survivors (2048K)
 Metaspace       used 296701K, committed 298688K, reserved 1310720K
  class space    used 37861K, committed 38848K, reserved 1048576K
}
Event: 693748.102 GC heap before
{Heap before GC invocations=611 (full 192):
 garbage-first heap   total 502784K, used 480866K [0x0000000780000000, 0x0000000800000000)
  region size 1024K, 277 young (283648K), 2 survivors (2048K)
 Metaspace       used 296726K, committed 298688K, reserved 1310720K
  class space    used 37864K, committed 38848K, reserved 1048576K
}
Event: 693748.195 GC heap after
{Heap after GC invocations=612 (full 192):
 garbage-first heap   total 502784K, used 203792K [0x0000000780000000, 0x0000000800000000)
  region size 1024K, 6 young (6144K), 6 survivors (6144K)
 Metaspace       used 296726K, committed 298688K, reserved 1310720K
  class space    used 37864K, committed 38848K, reserved 1048576K
}
Event: 694983.987 GC heap before
{Heap before GC invocations=612 (full 192):
 garbage-first heap   total 502784K, used 414736K [0x0000000780000000, 0x0000000800000000)
  region size 1024K, 214 young (219136K), 6 survivors (6144K)
 Metaspace       used 296726K, committed 298688K, reserved 1310720K
  class space    used 37864K, committed 38848K, reserved 1048576K
}
Event: 694984.742 GC heap after
{Heap after GC invocations=613 (full 193):
 garbage-first heap   total 502784K, used 160380K [0x0000000780000000, 0x0000000800000000)
  region size 1024K, 0 young (0K), 0 survivors (0K)
 Metaspace       used 296703K, committed 298688K, reserved 1310720K
  class space    used 37859K, committed 38848K, reserved 1048576K
}
Event: 696537.181 GC heap before
{Heap before GC invocations=613 (full 193):
 garbage-first heap   total 502784K, used 439932K [0x0000000780000000, 0x0000000800000000)
  region size 1024K, 274 young (280576K), 0 survivors (0K)
 Metaspace       used 296714K, committed 298688K, reserved 1310720K
  class space    used 37861K, committed 38848K, reserved 1048576K
}
Event: 696537.196 GC heap after
{Heap after GC invocations=614 (full 193):
 garbage-first heap   total 502784K, used 162428K [0x0000000780000000, 0x0000000800000000)
  region size 1024K, 2 young (2048K), 2 survivors (2048K)
 Metaspace       used 296714K, committed 298688K, reserved 1310720K
  class space    used 37861K, committed 38848K, reserved 1048576K
}
Event: 698114.568 GC heap before
{Heap before GC invocations=614 (full 193):
 garbage-first heap   total 502784K, used 439932K [0x0000000780000000, 0x0000000800000000)
  region size 1024K, 274 young (280576K), 2 survivors (2048K)
 Metaspace       used 296720K, committed 298688K, reserved 1310720K
  class space    used 37861K, committed 38848K, reserved 1048576K
}
Event: 698114.589 GC heap after
{Heap after GC invocations=615 (full 193):
 garbage-first heap   total 502784K, used 162303K [0x0000000780000000, 0x0000000800000000)
  region size 1024K, 2 young (2048K), 2 survivors (2048K)
 Metaspace       used 296720K, committed 298688K, reserved 1310720K
  class space    used 37861K, committed 38848K, reserved 1048576K
}

